2024-07-03 16:03:59,164 WARNING database DDL Query made to DB:
create table `tabGoogle Calendar` (
			name varchar(140) primary key,
			creation datetime(6),
			modified datetime(6),
			modified_by varchar(140),
			owner varchar(140),
			docstatus int(1) not null default '0',
			idx int(8) not null default '0',
			`enable` int(1) not null default 1,
`calendar_name` varchar(140) unique,
`user` varchar(140),
`pull_from_google_calendar` int(1) not null default 1,
`push_to_google_calendar` int(1) not null default 1,
`google_calendar_id` varchar(140),
`refresh_token` text,
`authorization_code` text,
`next_sync_token` text,
`_user_tags` text,
`_comments` text,
`_assign` text,
`_liked_by` text,
index modified(modified))
			ENGINE=InnoDB
			ROW_FORMAT=DYNAMIC
			CHARACTER SET=utf8mb4
			COLLATE=utf8mb4_unicode_ci
2024-07-03 16:03:59,274 WARNING database DDL Query made to DB:
create table `tabOAuth Scope` (
			name varchar(140) primary key,
			creation datetime(6),
			modified datetime(6),
			modified_by varchar(140),
			owner varchar(140),
			docstatus int(1) not null default '0',
			idx int(8) not null default '0',
			`scope` varchar(140),
parent varchar(140),
parentfield varchar(140),
parenttype varchar(140),
index parent(parent))
			ENGINE=InnoDB
			ROW_FORMAT=DYNAMIC
			CHARACTER SET=utf8mb4
			COLLATE=utf8mb4_unicode_ci
2024-07-03 16:03:59,356 WARNING database DDL Query made to DB:
create table `tabSocial Login Key` (
			name varchar(140) primary key,
			creation datetime(6),
			modified datetime(6),
			modified_by varchar(140),
			owner varchar(140),
			docstatus int(1) not null default '0',
			idx int(8) not null default '0',
			`enable_social_login` int(1) not null default 0,
`social_login_provider` varchar(140) default 'Custom',
`client_id` varchar(140),
`provider_name` varchar(140),
`client_secret` text,
`icon` varchar(140),
`base_url` varchar(140),
`sign_ups` varchar(140),
`authorize_url` varchar(140),
`access_token_url` varchar(140),
`redirect_url` varchar(140),
`api_endpoint` varchar(140),
`custom_base_url` int(1) not null default 0,
`api_endpoint_args` longtext,
`auth_url_data` longtext,
`user_id_property` varchar(140),
`_user_tags` text,
`_comments` text,
`_assign` text,
`_liked_by` text,
index modified(modified))
			ENGINE=InnoDB
			ROW_FORMAT=DYNAMIC
			CHARACTER SET=utf8mb4
			COLLATE=utf8mb4_unicode_ci
2024-07-03 16:03:59,391 WARNING database DDL Query made to DB:
create table `tabGoogle Contacts` (
			name varchar(140) primary key,
			creation datetime(6),
			modified datetime(6),
			modified_by varchar(140),
			owner varchar(140),
			docstatus int(1) not null default '0',
			idx int(8) not null default '0',
			`enable` int(1) not null default 0,
`email_id` varchar(140),
`last_sync_on` datetime(6),
`authorization_code` text,
`refresh_token` text,
`next_sync_token` text,
`pull_from_google_contacts` int(1) not null default 0,
`push_to_google_contacts` int(1) not null default 0,
`_user_tags` text,
`_comments` text,
`_assign` text,
`_liked_by` text,
index modified(modified))
			ENGINE=InnoDB
			ROW_FORMAT=DYNAMIC
			CHARACTER SET=utf8mb4
			COLLATE=utf8mb4_unicode_ci
2024-07-03 16:03:59,418 WARNING database DDL Query made to DB:
create table `tabSlack Webhook URL` (
			name varchar(140) primary key,
			creation datetime(6),
			modified datetime(6),
			modified_by varchar(140),
			owner varchar(140),
			docstatus int(1) not null default '0',
			idx int(8) not null default '0',
			`webhook_name` varchar(140) unique,
`webhook_url` varchar(140),
`show_document_link` int(1) not null default 1,
`_user_tags` text,
`_comments` text,
`_assign` text,
`_liked_by` text,
index modified(modified))
			ENGINE=InnoDB
			ROW_FORMAT=DYNAMIC
			CHARACTER SET=utf8mb4
			COLLATE=utf8mb4_unicode_ci
2024-07-03 16:03:59,450 WARNING database DDL Query made to DB:
create table `tabConnected App` (
			name varchar(140) primary key,
			creation datetime(6),
			modified datetime(6),
			modified_by varchar(140),
			owner varchar(140),
			docstatus int(1) not null default '0',
			idx int(8) not null default '0',
			`provider_name` varchar(140),
`openid_configuration` varchar(140),
`client_id` varchar(140),
`redirect_uri` varchar(140),
`client_secret` text,
`authorization_uri` text,
`token_uri` varchar(140),
`revocation_uri` varchar(140),
`userinfo_uri` varchar(140),
`introspection_uri` varchar(140),
`_user_tags` text,
`_comments` text,
`_assign` text,
`_liked_by` text,
index modified(modified))
			ENGINE=InnoDB
			ROW_FORMAT=DYNAMIC
			CHARACTER SET=utf8mb4
			COLLATE=utf8mb4_unicode_ci
2024-07-03 16:03:59,490 WARNING database DDL Query made to DB:
create table `tabWebhook Request Log` (
			name varchar(140) primary key,
			creation datetime(6),
			modified datetime(6),
			modified_by varchar(140),
			owner varchar(140),
			docstatus int(1) not null default '0',
			idx int(8) not null default '0',
			`webhook` varchar(140),
`reference_document` varchar(140),
`headers` longtext,
`data` longtext,
`user` varchar(140),
`url` varchar(140),
`response` longtext,
`error` text,
`_user_tags` text,
`_comments` text,
`_assign` text,
`_liked_by` text,
index modified(modified))
			ENGINE=InnoDB
			ROW_FORMAT=DYNAMIC
			CHARACTER SET=utf8mb4
			COLLATE=utf8mb4_unicode_ci
2024-07-03 16:03:59,518 WARNING database DDL Query made to DB:
create table `tabToken Cache` (
			name varchar(140) primary key,
			creation datetime(6),
			modified datetime(6),
			modified_by varchar(140),
			owner varchar(140),
			docstatus int(1) not null default '0',
			idx int(8) not null default '0',
			`user` varchar(140),
`connected_app` varchar(140),
`provider_name` varchar(140),
`access_token` text,
`refresh_token` text,
`expires_in` int(11) not null default 0,
`state` varchar(140),
`success_uri` varchar(140),
`token_type` varchar(140),
`_user_tags` text,
`_comments` text,
`_assign` text,
`_liked_by` text,
index modified(modified))
			ENGINE=InnoDB
			ROW_FORMAT=DYNAMIC
			CHARACTER SET=utf8mb4
			COLLATE=utf8mb4_unicode_ci
2024-07-03 16:03:59,580 WARNING database DDL Query made to DB:
create table `tabNetwork Printer Settings` (
			name varchar(140) primary key,
			creation datetime(6),
			modified datetime(6),
			modified_by varchar(140),
			owner varchar(140),
			docstatus int(1) not null default '0',
			idx int(8) not null default '0',
			`server_ip` varchar(140) default 'localhost',
`port` int(11) not null default 631,
`printer_name` varchar(140),
`_user_tags` text,
`_comments` text,
`_assign` text,
`_liked_by` text,
index modified(modified))
			ENGINE=InnoDB
			ROW_FORMAT=DYNAMIC
			CHARACTER SET=utf8mb4
			COLLATE=utf8mb4_unicode_ci
2024-07-03 16:03:59,688 WARNING database DDL Query made to DB:
create table `tabPrint Format Field Template` (
			name varchar(140) primary key,
			creation datetime(6),
			modified datetime(6),
			modified_by varchar(140),
			owner varchar(140),
			docstatus int(1) not null default '0',
			idx int(8) not null default '0',
			`document_type` varchar(140),
`field` varchar(140),
`template_file` varchar(140),
`module` varchar(140),
`standard` int(1) not null default 0,
`template` longtext,
`_user_tags` text,
`_comments` text,
`_assign` text,
`_liked_by` text,
index modified(modified))
			ENGINE=InnoDB
			ROW_FORMAT=DYNAMIC
			CHARACTER SET=utf8mb4
			COLLATE=utf8mb4_unicode_ci
2024-07-03 16:03:59,716 WARNING database DDL Query made to DB:
create table `tabPrint Heading` (
			name varchar(140) primary key,
			creation datetime(6),
			modified datetime(6),
			modified_by varchar(140),
			owner varchar(140),
			docstatus int(1) not null default '0',
			idx int(8) not null default '0',
			`print_heading` varchar(140),
`description` text,
`_user_tags` text,
`_comments` text,
`_assign` text,
`_liked_by` text,
index modified(modified))
			ENGINE=InnoDB
			ROW_FORMAT=DYNAMIC
			CHARACTER SET=utf8mb4
			COLLATE=utf8mb4_unicode_ci
2024-07-03 16:03:59,791 WARNING database DDL Query made to DB:
create table `tabLetter Head` (
			name varchar(140) primary key,
			creation datetime(6),
			modified datetime(6),
			modified_by varchar(140),
			owner varchar(140),
			docstatus int(1) not null default '0',
			idx int(8) not null default '0',
			`letter_head_name` varchar(140) unique,
`source` varchar(140),
`footer_source` varchar(140) default 'HTML',
`disabled` int(1) not null default 0,
`is_default` int(1) not null default 0,
`image` text,
`image_height` decimal(21,9) not null default 0,
`image_width` decimal(21,9) not null default 0,
`align` varchar(140) default 'Left',
`content` longtext,
`footer` longtext,
`footer_image` text,
`footer_image_height` decimal(21,9) not null default 0,
`footer_image_width` decimal(21,9) not null default 0,
`footer_align` varchar(140),
`header_script` longtext,
`footer_script` longtext,
`_user_tags` text,
`_comments` text,
`_assign` text,
`_liked_by` text,
index `is_default`(`is_default`),
index modified(modified))
			ENGINE=InnoDB
			ROW_FORMAT=DYNAMIC
			CHARACTER SET=utf8mb4
			COLLATE=utf8mb4_unicode_ci
2024-07-03 16:03:59,941 WARNING database DDL Query made to DB:
create table `tabAddress` (
			name varchar(140) primary key,
			creation datetime(6),
			modified datetime(6),
			modified_by varchar(140),
			owner varchar(140),
			docstatus int(1) not null default '0',
			idx int(8) not null default '0',
			`address_title` varchar(140),
`address_type` varchar(140),
`address_line1` varchar(240),
`address_line2` varchar(240),
`city` varchar(140),
`county` varchar(140),
`state` varchar(140),
`country` varchar(140),
`pincode` varchar(140),
`email_id` varchar(140),
`phone` varchar(140),
`fax` varchar(140),
`is_primary_address` int(1) not null default 0,
`is_shipping_address` int(1) not null default 0,
`disabled` int(1) not null default 0,
`_user_tags` text,
`_comments` text,
`_assign` text,
`_liked_by` text,
index `city`(`city`),
index `country`(`country`),
index `pincode`(`pincode`),
index modified(modified))
			ENGINE=InnoDB
			ROW_FORMAT=DYNAMIC
			CHARACTER SET=utf8mb4
			COLLATE=utf8mb4_unicode_ci
2024-07-03 16:04:00,114 WARNING database DDL Query made to DB:
create table `tabContact` (
			name varchar(140) primary key,
			creation datetime(6),
			modified datetime(6),
			modified_by varchar(140),
			owner varchar(140),
			docstatus int(1) not null default '0',
			idx int(8) not null default '0',
			`first_name` varchar(140),
`middle_name` varchar(140),
`last_name` varchar(140),
`full_name` varchar(140),
`email_id` varchar(140),
`user` varchar(140),
`address` varchar(140),
`sync_with_google_contacts` int(1) not null default 0,
`status` varchar(140) default 'Passive',
`salutation` varchar(140),
`designation` varchar(140),
`gender` varchar(140),
`phone` varchar(140),
`mobile_no` varchar(140),
`company_name` varchar(140),
`image` text,
`google_contacts` varchar(140),
`google_contacts_id` varchar(140),
`pulled_from_google_contacts` int(1) not null default 0,
`is_primary_contact` int(1) not null default 0,
`department` varchar(140),
`unsubscribed` int(1) not null default 0,
`_user_tags` text,
`_comments` text,
`_assign` text,
`_liked_by` text,
index `email_id`(`email_id`),
index modified(modified))
			ENGINE=InnoDB
			ROW_FORMAT=DYNAMIC
			CHARACTER SET=utf8mb4
			COLLATE=utf8mb4_unicode_ci
2024-07-03 16:04:00,174 WARNING database DDL Query made to DB:
create table `tabGender` (
			name varchar(140) primary key,
			creation datetime(6),
			modified datetime(6),
			modified_by varchar(140),
			owner varchar(140),
			docstatus int(1) not null default '0',
			idx int(8) not null default '0',
			`gender` varchar(140) unique,
`_user_tags` text,
`_comments` text,
`_assign` text,
`_liked_by` text,
index modified(modified))
			ENGINE=InnoDB
			ROW_FORMAT=DYNAMIC
			CHARACTER SET=utf8mb4
			COLLATE=utf8mb4_unicode_ci
2024-07-03 16:04:00,202 WARNING database DDL Query made to DB:
create table `tabAddress Template` (
			name varchar(140) primary key,
			creation datetime(6),
			modified datetime(6),
			modified_by varchar(140),
			owner varchar(140),
			docstatus int(1) not null default '0',
			idx int(8) not null default '0',
			`country` varchar(140) unique,
`is_default` int(1) not null default 0,
`template` longtext,
`_user_tags` text,
`_comments` text,
`_assign` text,
`_liked_by` text,
index modified(modified))
			ENGINE=InnoDB
			ROW_FORMAT=DYNAMIC
			CHARACTER SET=utf8mb4
			COLLATE=utf8mb4_unicode_ci
2024-07-03 16:04:00,230 WARNING database DDL Query made to DB:
create table `tabContact Phone` (
			name varchar(140) primary key,
			creation datetime(6),
			modified datetime(6),
			modified_by varchar(140),
			owner varchar(140),
			docstatus int(1) not null default '0',
			idx int(8) not null default '0',
			`phone` varchar(140),
`is_primary_phone` int(1) not null default 0,
`is_primary_mobile_no` int(1) not null default 0,
parent varchar(140),
parentfield varchar(140),
parenttype varchar(140),
index parent(parent))
			ENGINE=InnoDB
			ROW_FORMAT=DYNAMIC
			CHARACTER SET=utf8mb4
			COLLATE=utf8mb4_unicode_ci
2024-07-03 16:04:00,254 WARNING database DDL Query made to DB:
create table `tabContact Email` (
			name varchar(140) primary key,
			creation datetime(6),
			modified datetime(6),
			modified_by varchar(140),
			owner varchar(140),
			docstatus int(1) not null default '0',
			idx int(8) not null default '0',
			`email_id` varchar(140),
`is_primary` int(1) not null default 0,
parent varchar(140),
parentfield varchar(140),
parenttype varchar(140),
index parent(parent))
			ENGINE=InnoDB
			ROW_FORMAT=DYNAMIC
			CHARACTER SET=utf8mb4
			COLLATE=utf8mb4_unicode_ci
2024-07-03 16:04:00,278 WARNING database DDL Query made to DB:
create table `tabSalutation` (
			name varchar(140) primary key,
			creation datetime(6),
			modified datetime(6),
			modified_by varchar(140),
			owner varchar(140),
			docstatus int(1) not null default '0',
			idx int(8) not null default '0',
			`salutation` varchar(140) unique,
`_user_tags` text,
`_comments` text,
`_assign` text,
`_liked_by` text,
index modified(modified))
			ENGINE=InnoDB
			ROW_FORMAT=DYNAMIC
			CHARACTER SET=utf8mb4
			COLLATE=utf8mb4_unicode_ci
2024-07-03 16:04:00,329 WARNING database DDL Query made to DB:
create table `tabReview Level` (
			name varchar(140) primary key,
			creation datetime(6),
			modified datetime(6),
			modified_by varchar(140),
			owner varchar(140),
			docstatus int(1) not null default '0',
			idx int(8) not null default '0',
			`level_name` varchar(140) unique,
`role` varchar(140) unique,
`review_points` int(11) not null default 0,
parent varchar(140),
parentfield varchar(140),
parenttype varchar(140),
index parent(parent))
			ENGINE=InnoDB
			ROW_FORMAT=DYNAMIC
			CHARACTER SET=utf8mb4
			COLLATE=utf8mb4_unicode_ci
2024-07-03 16:04:00,455 WARNING database DDL Query made to DB:
create table `tabEnergy Point Rule` (
			name varchar(140) primary key,
			creation datetime(6),
			modified datetime(6),
			modified_by varchar(140),
			owner varchar(140),
			docstatus int(1) not null default '0',
			idx int(8) not null default '0',
			`enabled` int(1) not null default 1,
`rule_name` varchar(140) unique,
`reference_doctype` varchar(140),
`for_doc_event` varchar(140) default 'Custom',
`field_to_check` varchar(140),
`points` int(11) not null default 0,
`for_assigned_users` int(1) not null default 0,
`user_field` varchar(140),
`multiplier_field` varchar(140),
`max_points` int(11) not null default 0,
`apply_only_once` int(1) not null default 0,
`condition` longtext,
`_user_tags` text,
`_comments` text,
`_assign` text,
`_liked_by` text,
index modified(modified))
			ENGINE=InnoDB
			ROW_FORMAT=DYNAMIC
			CHARACTER SET=utf8mb4
			COLLATE=utf8mb4_unicode_ci
2024-07-03 16:04:00,494 WARNING database DDL Query made to DB:
create table `tabEnergy Point Log` (
			name varchar(140) primary key,
			creation datetime(6),
			modified datetime(6),
			modified_by varchar(140),
			owner varchar(140),
			docstatus int(1) not null default '0',
			idx int(8) not null default '0',
			`user` varchar(140),
`type` varchar(140),
`points` int(11) not null default 0,
`rule` varchar(140),
`reference_doctype` varchar(140),
`reference_name` varchar(140),
`reverted` int(1) not null default 0,
`revert_of` varchar(140),
`reason` text,
`seen` int(1) not null default 0,
`_user_tags` text,
`_comments` text,
`_assign` text,
`_liked_by` text,
index `user`(`user`),
index `reference_name`(`reference_name`),
index modified(modified))
			ENGINE=InnoDB
			ROW_FORMAT=DYNAMIC
			CHARACTER SET=utf8mb4
			COLLATE=utf8mb4_unicode_ci
2024-07-03 16:04:00,551 WARNING database DDL Query made to DB:
create table `tabMilestone Tracker` (
			name varchar(140) primary key,
			creation datetime(6),
			modified datetime(6),
			modified_by varchar(140),
			owner varchar(140),
			docstatus int(1) not null default '0',
			idx int(8) not null default '0',
			`document_type` varchar(140) unique,
`track_field` varchar(140),
`disabled` int(1) not null default 0,
`_user_tags` text,
`_comments` text,
`_assign` text,
`_liked_by` text,
index modified(modified))
			ENGINE=InnoDB
			ROW_FORMAT=DYNAMIC
			CHARACTER SET=utf8mb4
			COLLATE=utf8mb4_unicode_ci
2024-07-03 16:04:00,661 WARNING database DDL Query made to DB:
create table `tabAssignment Rule Day` (
			name varchar(140) primary key,
			creation datetime(6),
			modified datetime(6),
			modified_by varchar(140),
			owner varchar(140),
			docstatus int(1) not null default '0',
			idx int(8) not null default '0',
			`day` varchar(140),
parent varchar(140),
parentfield varchar(140),
parenttype varchar(140),
index parent(parent))
			ENGINE=InnoDB
			ROW_FORMAT=DYNAMIC
			CHARACTER SET=utf8mb4
			COLLATE=utf8mb4_unicode_ci
2024-07-03 16:04:00,701 WARNING database DDL Query made to DB:
create table `tabMilestone` (
			name varchar(140) primary key,
			creation datetime(6),
			modified datetime(6),
			modified_by varchar(140),
			owner varchar(140),
			docstatus int(1) not null default '0',
			idx int(8) not null default '0',
			`reference_type` varchar(140),
`reference_name` varchar(140),
`track_field` varchar(140),
`value` varchar(140),
`milestone_tracker` varchar(140),
`_user_tags` text,
`_comments` text,
`_assign` text,
`_liked_by` text,
index `reference_type`(`reference_type`),
index modified(modified))
			ENGINE=InnoDB
			ROW_FORMAT=DYNAMIC
			CHARACTER SET=utf8mb4
			COLLATE=utf8mb4_unicode_ci
2024-07-03 16:04:00,715 WARNING database DDL Query made to DB:
ALTER TABLE `tabMilestone`
				ADD INDEX `reference_type_reference_name_index`(reference_type, reference_name)
2024-07-03 16:04:00,739 WARNING database DDL Query made to DB:
create table `tabReminder` (
			name varchar(140) primary key,
			creation datetime(6),
			modified datetime(6),
			modified_by varchar(140),
			owner varchar(140),
			docstatus int(1) not null default '0',
			idx int(8) not null default '0',
			`user` varchar(140),
`remind_at` datetime(6),
`description` text,
`reminder_doctype` varchar(140),
`reminder_docname` varchar(140),
`notified` int(1) not null default 0,
`_user_tags` text,
`_comments` text,
`_assign` text,
`_liked_by` text,
index `user`(`user`),
index `remind_at`(`remind_at`),
index modified(modified))
			ENGINE=InnoDB
			ROW_FORMAT=DYNAMIC
			CHARACTER SET=utf8mb4
			COLLATE=utf8mb4_unicode_ci
2024-07-03 16:04:00,763 WARNING database DDL Query made to DB:
create table `tabAssignment Rule User` (
			name varchar(140) primary key,
			creation datetime(6),
			modified datetime(6),
			modified_by varchar(140),
			owner varchar(140),
			docstatus int(1) not null default '0',
			idx int(8) not null default '0',
			`user` varchar(140),
parent varchar(140),
parentfield varchar(140),
parenttype varchar(140),
index parent(parent))
			ENGINE=InnoDB
			ROW_FORMAT=DYNAMIC
			CHARACTER SET=utf8mb4
			COLLATE=utf8mb4_unicode_ci
2024-07-03 16:04:00,787 WARNING database DDL Query made to DB:
create table `tabAuto Repeat Day` (
			name varchar(140) primary key,
			creation datetime(6),
			modified datetime(6),
			modified_by varchar(140),
			owner varchar(140),
			docstatus int(1) not null default '0',
			idx int(8) not null default '0',
			`day` varchar(140),
parent varchar(140),
parentfield varchar(140),
parenttype varchar(140),
index parent(parent))
			ENGINE=InnoDB
			ROW_FORMAT=DYNAMIC
			CHARACTER SET=utf8mb4
			COLLATE=utf8mb4_unicode_ci
2024-07-03 16:04:00,833 WARNING database DDL Query made to DB:
create table `tabAuto Repeat` (
			name varchar(140) primary key,
			creation datetime(6),
			modified datetime(6),
			modified_by varchar(140),
			owner varchar(140),
			docstatus int(1) not null default '0',
			idx int(8) not null default '0',
			`disabled` int(1) not null default 0,
`reference_doctype` varchar(140),
`reference_document` varchar(140),
`submit_on_creation` int(1) not null default 0,
`start_date` date,
`end_date` date,
`frequency` varchar(140),
`repeat_on_day` int(11) not null default 0,
`repeat_on_last_day` int(1) not null default 0,
`next_schedule_date` date,
`notify_by_email` int(1) not null default 0,
`recipients` text,
`template` varchar(140),
`subject` varchar(140),
`message` text default 'Please find attached {{ doc.doctype }} #{{ doc.name }}',
`print_format` varchar(140),
`status` varchar(140),
`_user_tags` text,
`_comments` text,
`_assign` text,
`_liked_by` text,
index `next_schedule_date`(`next_schedule_date`),
index modified(modified))
			ENGINE=InnoDB
			ROW_FORMAT=DYNAMIC
			CHARACTER SET=utf8mb4
			COLLATE=utf8mb4_unicode_ci
2024-07-03 16:04:00,872 WARNING database DDL Query made to DB:
create table `tabAssignment Rule` (
			name varchar(140) primary key,
			creation datetime(6),
			modified datetime(6),
			modified_by varchar(140),
			owner varchar(140),
			docstatus int(1) not null default '0',
			idx int(8) not null default '0',
			`document_type` varchar(140),
`due_date_based_on` varchar(140),
`priority` int(11) not null default 0,
`disabled` int(1) not null default 0,
`description` text default 'Automatic Assignment',
`assign_condition` longtext,
`unassign_condition` longtext,
`close_condition` longtext,
`rule` varchar(140),
`field` varchar(140),
`last_user` varchar(140),
`_user_tags` text,
`_comments` text,
`_assign` text,
`_liked_by` text,
index modified(modified))
			ENGINE=InnoDB
			ROW_FORMAT=DYNAMIC
			CHARACTER SET=utf8mb4
			COLLATE=utf8mb4_unicode_ci
2024-07-04 12:31:19,237 WARNING database DDL Query made to DB:
create table `tabDriver` (
			name varchar(140) primary key,
			creation datetime(6),
			modified datetime(6),
			modified_by varchar(140),
			owner varchar(140),
			docstatus int(1) not null default '0',
			idx int(8) not null default '0',
			`_user_tags` text,
`_comments` text,
`_assign` text,
`_liked_by` text,
index modified(modified))
			ENGINE=InnoDB
			ROW_FORMAT=DYNAMIC
			CHARACTER SET=utf8mb4
			COLLATE=utf8mb4_unicode_ci
2024-07-04 12:44:28,406 WARNING database DDL Query made to DB:
ALTER TABLE `tabDriver` ADD COLUMN `enabled_` int(1) not null default 0, ADD COLUMN `first_name` varchar(140), ADD COLUMN `license_number` varchar(140), ADD COLUMN `last_name` varchar(140), ADD COLUMN `phone_number` varchar(140), ADD COLUMN `profile_image` text
2024-07-04 12:53:21,368 WARNING database DDL Query made to DB:
ALTER TABLE `tabDriver` MODIFY `enabled_` int(1) not null default 1
2024-07-04 14:51:43,645 WARNING database DDL Query made to DB:
create table `tabVehicle` (
			name varchar(140) primary key,
			creation datetime(6),
			modified datetime(6),
			modified_by varchar(140),
			owner varchar(140),
			docstatus int(1) not null default '0',
			idx int(8) not null default '0',
			`_user_tags` text,
`_comments` text,
`_assign` text,
`_liked_by` text,
index modified(modified))
			ENGINE=InnoDB
			ROW_FORMAT=DYNAMIC
			CHARACTER SET=utf8mb4
			COLLATE=utf8mb4_unicode_ci
2024-07-04 14:56:26,566 WARNING database DDL Query made to DB:
create sequence if not exists vehicle_id_seq nocache nocycle
2024-07-04 14:56:26,576 WARNING database DDL Query made to DB:
ALTER TABLE `tabVehicle` MODIFY `name` bigint
2024-07-04 14:56:26,589 WARNING database DDL Query made to DB:
ALTER TABLE `tabVehicle` ADD COLUMN `make` varchar(140), ADD COLUMN `year` int(11) not null default 0, ADD COLUMN `color` varchar(140), ADD COLUMN `model` varchar(140), ADD COLUMN `license_plate` varchar(140), ADD COLUMN `read_only_works` varchar(140)
2024-07-04 14:56:57,493 WARNING database DDL Query made to DB:
ALTER TABLE `tabVehicle` MODIFY `read_only_works` varchar(140) default 'My Read Only Values'
2024-07-04 14:58:04,292 WARNING database DDL Query made to DB:
ALTER TABLE `tabVehicle` MODIFY `read_only_works` varchar(140) default 'my_read_nly_alues'
2024-07-04 14:59:39,225 WARNING database DDL Query made to DB:
ALTER TABLE `tabVehicle` MODIFY `read_only_works` varchar(140) default 'my_read_only_alues'
2024-07-04 16:20:32,743 WARNING database DDL Query made to DB:
ALTER TABLE `tabDriver` ADD COLUMN `full_name` varchar(140)
2024-07-04 18:15:09,222 WARNING database DDL Query made to DB:
create table `tabRide Order` (
			name varchar(140) primary key,
			creation datetime(6),
			modified datetime(6),
			modified_by varchar(140),
			owner varchar(140),
			docstatus int(1) not null default '0',
			idx int(8) not null default '0',
			`_user_tags` text,
`_comments` text,
`_assign` text,
`_liked_by` text,
index modified(modified))
			ENGINE=InnoDB
			ROW_FORMAT=DYNAMIC
			CHARACTER SET=utf8mb4
			COLLATE=utf8mb4_unicode_ci
2024-07-04 18:19:34,916 WARNING database DDL Query made to DB:
ALTER TABLE `tabRide Order` ADD COLUMN `customer_name` varchar(140), ADD COLUMN `contact_number` varchar(140), ADD COLUMN `pickup_time` datetime(6), ADD COLUMN `status` varchar(140) default 'New', ADD COLUMN `pickup_address` text
2024-07-04 18:30:01,152 WARNING database DDL Query made to DB:
ALTER TABLE `tabRide Order` ADD COLUMN `vehicle` varchar(140)
2024-07-04 18:31:49,049 WARNING database DDL Query made to DB:
ALTER TABLE `tabVehicle` ADD COLUMN `title` varchar(140)
2024-07-04 18:44:10,764 WARNING database DDL Query made to DB:
ALTER TABLE `tabDriver` ADD COLUMN `something` longtext
2024-07-04 19:01:37,539 WARNING database DDL Query made to DB:
alter table `tabDocType` add column if not exists migration_hash varchar(140)
2024-07-04 19:04:26,013 WARNING database DDL Query made to DB:
alter table `tabDocType` add column if not exists migration_hash varchar(140)
2024-07-04 19:05:22,432 WARNING database DDL Query made to DB:
alter table `tabDocType` add column if not exists migration_hash varchar(140)
2024-07-04 19:06:42,603 WARNING database DDL Query made to DB:
alter table `tabDocType` add column if not exists migration_hash varchar(140)
2024-07-04 19:07:20,509 WARNING database DDL Query made to DB:
alter table `tabDocType` add column if not exists migration_hash varchar(140)
2024-07-04 19:07:57,418 WARNING database DDL Query made to DB:
alter table `tabDocType` add column if not exists migration_hash varchar(140)
2024-07-04 19:08:09,341 WARNING database DDL Query made to DB:
alter table `tabDocType` add column if not exists migration_hash varchar(140)
2024-07-04 19:09:59,272 WARNING database DDL Query made to DB:
alter table `tabDocType` add column if not exists migration_hash varchar(140)
2024-07-04 23:51:08,783 WARNING database DDL Query made to DB:
ALTER TABLE `tabRide Order` ADD COLUMN `location` longtext
2024-07-04 23:51:08,783 WARNING database DDL Query made to DB:
ALTER TABLE `tabRide Order` ADD COLUMN `location` longtext
2024-07-04 23:54:48,059 WARNING database DDL Query made to DB:
create table `tabRide Booking` (
			name varchar(140) primary key,
			creation datetime(6),
			modified datetime(6),
			modified_by varchar(140),
			owner varchar(140),
			docstatus int(1) not null default '0',
			idx int(8) not null default '0',
			`amended_from` varchar(140),
`_user_tags` text,
`_comments` text,
`_assign` text,
`_liked_by` text,
index `amended_from`(`amended_from`),
index modified(modified))
			ENGINE=InnoDB
			ROW_FORMAT=DYNAMIC
			CHARACTER SET=utf8mb4
			COLLATE=utf8mb4_unicode_ci
2024-07-04 23:54:48,059 WARNING database DDL Query made to DB:
create table `tabRide Booking` (
			name varchar(140) primary key,
			creation datetime(6),
			modified datetime(6),
			modified_by varchar(140),
			owner varchar(140),
			docstatus int(1) not null default '0',
			idx int(8) not null default '0',
			`amended_from` varchar(140),
`_user_tags` text,
`_comments` text,
`_assign` text,
`_liked_by` text,
index `amended_from`(`amended_from`),
index modified(modified))
			ENGINE=InnoDB
			ROW_FORMAT=DYNAMIC
			CHARACTER SET=utf8mb4
			COLLATE=utf8mb4_unicode_ci
2024-07-04 23:56:49,499 WARNING database DDL Query made to DB:
ALTER TABLE `tabRide Booking` ADD COLUMN `order` varchar(140), ADD COLUMN `driver` varchar(140)
2024-07-04 23:56:49,499 WARNING database DDL Query made to DB:
ALTER TABLE `tabRide Booking` ADD COLUMN `order` varchar(140), ADD COLUMN `driver` varchar(140)
2024-07-05 00:02:16,739 WARNING database DDL Query made to DB:
ALTER TABLE `tabRide Booking` ADD COLUMN `still_editable` varchar(140)
2024-07-05 00:02:16,739 WARNING database DDL Query made to DB:
ALTER TABLE `tabRide Booking` ADD COLUMN `still_editable` varchar(140)
2024-07-05 00:12:56,206 WARNING database DDL Query made to DB:
create table `tabRide Booking Item` (
			name varchar(140) primary key,
			creation datetime(6),
			modified datetime(6),
			modified_by varchar(140),
			owner varchar(140),
			docstatus int(1) not null default '0',
			idx int(8) not null default '0',
			parent varchar(140),
parentfield varchar(140),
parenttype varchar(140),
index parent(parent))
			ENGINE=InnoDB
			ROW_FORMAT=DYNAMIC
			CHARACTER SET=utf8mb4
			COLLATE=utf8mb4_unicode_ci
2024-07-05 00:12:56,206 WARNING database DDL Query made to DB:
create table `tabRide Booking Item` (
			name varchar(140) primary key,
			creation datetime(6),
			modified datetime(6),
			modified_by varchar(140),
			owner varchar(140),
			docstatus int(1) not null default '0',
			idx int(8) not null default '0',
			parent varchar(140),
parentfield varchar(140),
parenttype varchar(140),
index parent(parent))
			ENGINE=InnoDB
			ROW_FORMAT=DYNAMIC
			CHARACTER SET=utf8mb4
			COLLATE=utf8mb4_unicode_ci
2024-07-05 00:15:48,579 WARNING database DDL Query made to DB:
alter table `tabRide Booking Item` add column if not exists parent varchar(140)
2024-07-05 00:15:48,579 WARNING database DDL Query made to DB:
alter table `tabRide Booking Item` add column if not exists parent varchar(140)
2024-07-05 00:15:48,579 WARNING database DDL Query made to DB:
alter table `tabRide Booking Item` add column if not exists parenttype varchar(140)
2024-07-05 00:15:48,579 WARNING database DDL Query made to DB:
alter table `tabRide Booking Item` add column if not exists parenttype varchar(140)
2024-07-05 00:15:48,580 WARNING database DDL Query made to DB:
alter table `tabRide Booking Item` add column if not exists parentfield varchar(140)
2024-07-05 00:15:48,580 WARNING database DDL Query made to DB:
alter table `tabRide Booking Item` add column if not exists parentfield varchar(140)
2024-07-05 00:15:48,629 WARNING database DDL Query made to DB:
ALTER TABLE `tabRide Booking Item` ADD COLUMN `source` varchar(140), ADD COLUMN `distance` decimal(21,9) not null default 0, ADD COLUMN `destination` varchar(140)
2024-07-05 00:15:48,629 WARNING database DDL Query made to DB:
ALTER TABLE `tabRide Booking Item` ADD COLUMN `source` varchar(140), ADD COLUMN `distance` decimal(21,9) not null default 0, ADD COLUMN `destination` varchar(140)
2024-07-05 00:23:54,016 WARNING database DDL Query made to DB:
ALTER TABLE `tabRide Booking` ADD COLUMN `rate_copy` decimal(21,9) not null default 0, ADD COLUMN `rate_copy_copy` decimal(21,9) not null default 0, ADD COLUMN `total_amount` decimal(21,9) not null default 0
2024-07-05 00:23:54,016 WARNING database DDL Query made to DB:
ALTER TABLE `tabRide Booking` ADD COLUMN `rate_copy` decimal(21,9) not null default 0, ADD COLUMN `rate_copy_copy` decimal(21,9) not null default 0, ADD COLUMN `total_amount` decimal(21,9) not null default 0
2024-07-05 00:24:23,712 WARNING database DDL Query made to DB:
ALTER TABLE `tabRide Booking` MODIFY `total_amount` decimal(21,9) not null default 0, MODIFY `rate_copy` decimal(21,9) not null default 0
2024-07-05 00:24:23,712 WARNING database DDL Query made to DB:
ALTER TABLE `tabRide Booking` MODIFY `total_amount` decimal(21,9) not null default 0, MODIFY `rate_copy` decimal(21,9) not null default 0
2024-07-05 00:31:02,998 WARNING database DDL Query made to DB:
ALTER TABLE `tabRide Booking` ADD COLUMN `rate` decimal(21,9) not null default 0, ADD COLUMN `amount` decimal(21,9) not null default 0
2024-07-05 00:31:02,998 WARNING database DDL Query made to DB:
ALTER TABLE `tabRide Booking` ADD COLUMN `rate` decimal(21,9) not null default 0, ADD COLUMN `amount` decimal(21,9) not null default 0
2024-07-05 00:38:39,172 WARNING database DDL Query made to DB:
ALTER TABLE `tabRide Booking` ADD COLUMN `vehicle` varchar(140)
2024-07-05 00:38:39,174 WARNING database DDL Query made to DB:
ALTER TABLE `tabRide Booking` MODIFY `amount` decimal(21,9) not null default 0, MODIFY `rate` decimal(21,9) not null default 0
2024-07-05 00:40:42,344 WARNING database DDL Query made to DB:
ALTER TABLE `tabRide Booking` MODIFY `rate` decimal(21,9) not null default 0, MODIFY `amount` decimal(21,9) not null default 0
2024-07-05 00:48:21,260 WARNING database DDL Query made to DB:
ALTER TABLE `tabRide Booking` MODIFY `total_amount` decimal(21,9) not null default 0, MODIFY `rate` decimal(21,9) not null default 0
2024-07-05 00:49:07,725 WARNING database DDL Query made to DB:
ALTER TABLE `tabRide Booking` MODIFY `total_amount` decimal(21,9) not null default 0, MODIFY `rate` decimal(21,9) not null default 0
2024-07-05 00:53:00,131 WARNING database DDL Query made to DB:
ALTER TABLE `tabRide Booking` MODIFY `rate` decimal(21,9) not null default 0, MODIFY `total_amount` decimal(21,9) not null default 0
2024-07-05 02:02:35,290 WARNING database DDL Query made to DB:
ALTER TABLE `tabVehicle` ADD COLUMN `is_published` int(1) not null default 0, ADD COLUMN `route` varchar(140)
2024-07-05 02:20:52,105 WARNING database DDL Query made to DB:
ALTER TABLE `tabVehicle` ADD COLUMN `vehicle_image` text
2024-07-05 02:20:52,105 WARNING database DDL Query made to DB:
ALTER TABLE `tabVehicle` ADD COLUMN `vehicle_image` text
2024-07-05 13:58:28,529 WARNING database DDL Query made to DB:
ALTER TABLE `tabVehicle` ADD COLUMN `insurance_expiry` date
2024-07-05 14:10:06,777 WARNING database DDL Query made to DB:
ALTER TABLE `tabVehicle` ADD COLUMN `status` varchar(140), ADD COLUMN `condition` decimal(3,2)
2024-07-05 17:13:38,267 WARNING database DDL Query made to DB:
ALTER TABLE `tabVehicle` MODIFY `condition` decimal(3,2)
2024-07-05 17:21:32,010 WARNING database DDL Query made to DB:
ALTER TABLE `tabVehicle` MODIFY `condition` decimal(3,2)
2024-07-05 17:22:18,536 WARNING database DDL Query made to DB:
ALTER TABLE `tabVehicle` MODIFY `condition` decimal(3,2)
2024-07-05 17:22:47,179 WARNING database DDL Query made to DB:
ALTER TABLE `tabVehicle` MODIFY `condition` decimal(3,2)
2024-07-05 17:23:43,418 WARNING database DDL Query made to DB:
ALTER TABLE `tabVehicle` MODIFY `condition` decimal(3,2)
2024-07-05 17:24:07,445 WARNING database DDL Query made to DB:
ALTER TABLE `tabVehicle` MODIFY `condition` decimal(3,2)
2024-07-05 17:25:08,928 WARNING database DDL Query made to DB:
ALTER TABLE `tabVehicle` MODIFY `condition` decimal(3,2)
2024-07-05 17:41:41,562 WARNING database DDL Query made to DB:
ALTER TABLE `tabVehicle` MODIFY `condition` decimal(3,2)
2024-07-05 17:42:10,152 WARNING database DDL Query made to DB:
ALTER TABLE `tabVehicle` MODIFY `condition` decimal(3,2)
2024-07-05 17:51:10,209 WARNING database DDL Query made to DB:
ALTER TABLE `tabVehicle` MODIFY `condition` decimal(3,2)
2024-07-05 17:51:35,587 WARNING database DDL Query made to DB:
ALTER TABLE `tabVehicle` MODIFY `condition` decimal(3,2)
2024-07-05 17:55:02,421 WARNING database DDL Query made to DB:
ALTER TABLE `tabVehicle` MODIFY `condition` decimal(3,2)
2024-07-05 20:22:40,375 WARNING database DDL Query made to DB:
ALTER TABLE `tabVehicle` MODIFY `condition` decimal(3,2)
2024-07-05 20:34:38,430 WARNING database DDL Query made to DB:
ALTER TABLE `tabVehicle` MODIFY `condition` decimal(3,2)
2024-07-05 20:36:29,045 WARNING database DDL Query made to DB:
ALTER TABLE `tabVehicle` MODIFY `condition` decimal(3,2)
2024-07-05 20:37:25,271 WARNING database DDL Query made to DB:
ALTER TABLE `tabVehicle` MODIFY `condition` decimal(3,2)
2024-07-05 20:37:27,956 WARNING database DDL Query made to DB:
ALTER TABLE `tabVehicle` MODIFY `condition` decimal(3,2)
2024-07-05 21:00:44,035 WARNING database DDL Query made to DB:
ALTER TABLE `tabVehicle` MODIFY `condition` decimal(3,2)
2024-07-05 21:39:43,695 WARNING database DDL Query made to DB:
ALTER TABLE `tabVehicle` MODIFY `condition` decimal(3,2)
2024-07-05 21:41:20,376 WARNING database DDL Query made to DB:
ALTER TABLE `tabVehicle` MODIFY `condition` decimal(3,2)
2024-07-05 21:41:26,353 WARNING database DDL Query made to DB:
ALTER TABLE `tabVehicle` MODIFY `condition` decimal(3,2)
2024-07-05 21:41:28,580 WARNING database DDL Query made to DB:
ALTER TABLE `tabVehicle` MODIFY `condition` decimal(3,2)
2024-07-06 13:29:40,774 WARNING database DDL Query made to DB:
ALTER TABLE `tabVehicle` MODIFY `condition` decimal(3,2)
2024-07-06 13:32:44,701 WARNING database DDL Query made to DB:
ALTER TABLE `tabVehicle` MODIFY `condition` decimal(3,2)
2024-07-06 13:38:41,490 WARNING database DDL Query made to DB:
create table `tabMy DocType` (
			name varchar(140) primary key,
			creation datetime(6),
			modified datetime(6),
			modified_by varchar(140),
			owner varchar(140),
			docstatus int(1) not null default '0',
			idx int(8) not null default '0',
			`_user_tags` text,
`_comments` text,
`_assign` text,
`_liked_by` text,
index modified(modified))
			ENGINE=InnoDB
			ROW_FORMAT=DYNAMIC
			CHARACTER SET=utf8mb4
			COLLATE=utf8mb4_unicode_ci
2024-07-06 13:38:41,490 WARNING database DDL Query made to DB:
create table `tabMy DocType` (
			name varchar(140) primary key,
			creation datetime(6),
			modified datetime(6),
			modified_by varchar(140),
			owner varchar(140),
			docstatus int(1) not null default '0',
			idx int(8) not null default '0',
			`_user_tags` text,
`_comments` text,
`_assign` text,
`_liked_by` text,
index modified(modified))
			ENGINE=InnoDB
			ROW_FORMAT=DYNAMIC
			CHARACTER SET=utf8mb4
			COLLATE=utf8mb4_unicode_ci
2024-07-06 13:39:31,269 WARNING database DDL Query made to DB:
ALTER TABLE `tabMy DocType` ADD COLUMN `anything` varchar(140)
2024-07-06 13:39:31,269 WARNING database DDL Query made to DB:
ALTER TABLE `tabMy DocType` ADD COLUMN `anything` varchar(140)
2024-07-06 13:42:39,861 WARNING database DDL Query made to DB:
ALTER TABLE `tabVehicle` MODIFY `condition` decimal(3,2)
2024-07-06 13:42:39,861 WARNING database DDL Query made to DB:
ALTER TABLE `tabVehicle` MODIFY `condition` decimal(3,2)
2024-07-06 13:43:30,296 WARNING database DDL Query made to DB:
ALTER TABLE `tabVehicle` MODIFY `condition` decimal(3,2)
2024-07-06 13:43:30,296 WARNING database DDL Query made to DB:
ALTER TABLE `tabVehicle` MODIFY `condition` decimal(3,2)
2024-07-07 00:17:23,120 WARNING database DDL Query made to DB:
alter table `tabDocType` add column if not exists migration_hash varchar(140)
2024-07-07 00:17:24,235 WARNING database DDL Query made to DB:
ALTER TABLE `tabRide Booking` MODIFY `total_amount` decimal(21,9) not null default 0, MODIFY `rate` decimal(21,9) not null default 0
2024-07-07 00:17:24,357 WARNING database DDL Query made to DB:
ALTER TABLE `tabVehicle` MODIFY `condition` decimal(3,2)
2024-07-07 00:17:24,412 WARNING database DDL Query made to DB:
ALTER TABLE `tabRide Booking Item` MODIFY `distance` decimal(21,9) not null default 0
2024-07-07 00:17:35,266 WARNING database DDL Query made to DB:
alter table `tabDocType` add column if not exists migration_hash varchar(140)
2024-07-07 00:17:36,326 WARNING database DDL Query made to DB:
ALTER TABLE `tabVehicle` MODIFY `condition` decimal(3,2)
2024-07-07 00:47:58,908 WARNING database DDL Query made to DB:
ALTER TABLE `tabVehicle` MODIFY `condition` decimal(3,2)
2024-07-07 00:52:16,407 WARNING database DDL Query made to DB:
alter table `tabDocType` add column if not exists migration_hash varchar(140)
2024-07-07 00:52:17,524 WARNING database DDL Query made to DB:
ALTER TABLE `tabVehicle` MODIFY `condition` decimal(3,2)
2024-07-07 01:00:53,461 WARNING database DDL Query made to DB:
ALTER TABLE `tabVehicle` ADD COLUMN `audit_completed_` int(1) not null default 0
2024-07-07 01:00:53,463 WARNING database DDL Query made to DB:
ALTER TABLE `tabVehicle` MODIFY `condition` decimal(3,2)
2024-07-07 01:02:14,319 WARNING database DDL Query made to DB:
ALTER TABLE `tabVehicle` MODIFY `condition` decimal(3,2)
2024-07-07 01:05:03,093 WARNING database DDL Query made to DB:
ALTER TABLE `tabVehicle` MODIFY `condition` decimal(3,2)
